<?xml version="1.0" encoding="UTF-8"?>
<testng-results skipped="0" failed="1" ignored="0" total="4" passed="3">
  <reporter-output>
  </reporter-output>
  <suite name="MakeMyTripInit" duration-ms="65361" started-at="2020-08-07T12:21:57 IST" finished-at="2020-08-07T12:23:02 IST">
    <groups>
      <group name="Init">
        <method signature="MakeMyTripBug.getWebsite()[pri:0, instance:com.makemytrip.tests.MakeMyTripBug@3cfdd820]" name="getWebsite" class="com.makemytrip.tests.MakeMyTripBug"/>
        <method signature="MakeMyTripBug.homePageDetails()[pri:1, instance:com.makemytrip.tests.MakeMyTripBug@3cfdd820]" name="homePageDetails" class="com.makemytrip.tests.MakeMyTripBug"/>
        <method signature="MakeMyTripBug.getWebsite()[pri:0, instance:com.makemytrip.tests.MakeMyTripBug@6aa8e115]" name="getWebsite" class="com.makemytrip.tests.MakeMyTripBug"/>
        <method signature="MakeMyTripBug.homePageDetails()[pri:1, instance:com.makemytrip.tests.MakeMyTripBug@6aa8e115]" name="homePageDetails" class="com.makemytrip.tests.MakeMyTripBug"/>
      </group> <!-- Init -->
    </groups>
    <test name="Init TestMozilla" duration-ms="33670" started-at="2020-08-07T12:21:57 IST" finished-at="2020-08-07T12:22:30 IST">
      <class name="com.makemytrip.tests.MakeMyTripBug">
        <test-method status="PASS" signature="setUp(java.lang.String, java.lang.String)[pri:0, instance:com.makemytrip.tests.MakeMyTripBug@3cfdd820]" name="setUp" is-config="true" duration-ms="7417" started-at="2020-08-07T12:21:57 IST" finished-at="2020-08-07T12:22:04 IST">
          <params>
            <param index="0">
              <value>
                <![CDATA[mozilla]]>
              </value>
            </param>
            <param index="1">
              <value>
                <![CDATA[http://192.168.1.4:6970/wd/hub]]>
              </value>
            </param>
          </params>
          <reporter-output>
          </reporter-output>
        </test-method> <!-- setUp -->
        <test-method status="PASS" signature="getWebsite()[pri:0, instance:com.makemytrip.tests.MakeMyTripBug@3cfdd820]" name="getWebsite" duration-ms="6458" started-at="2020-08-07T12:22:04 IST" finished-at="2020-08-07T12:22:11 IST">
          <reporter-output>
          </reporter-output>
        </test-method> <!-- getWebsite -->
        <test-method status="PASS" signature="getResult(org.testng.ITestResult)[pri:0, instance:com.makemytrip.tests.MakeMyTripBug@3cfdd820]" name="getResult" is-config="true" duration-ms="1" started-at="2020-08-07T12:22:11 IST" finished-at="2020-08-07T12:22:11 IST">
          <params>
            <param index="0">
              <value>
                <![CDATA[[TestResult name=getWebsite status=SUCCESS method=MakeMyTripBug.getWebsite()[pri:0, instance:com.makemytrip.tests.MakeMyTripBug@3cfdd820] output={null}]]]>
              </value>
            </param>
          </params>
          <reporter-output>
          </reporter-output>
        </test-method> <!-- getResult -->
        <test-method status="FAIL" signature="homePageDetails()[pri:1, instance:com.makemytrip.tests.MakeMyTripBug@3cfdd820]" name="homePageDetails" duration-ms="4564" started-at="2020-08-07T12:22:11 IST" finished-at="2020-08-07T12:22:15 IST">
          <exception class="org.openqa.selenium.ElementClickInterceptedException">
            <message>
              <![CDATA[Element <label> is not clickable at point (640,253) because another element <div class="loginModal displayBlock modalLogin dynHeight personal "> obscures it
Build info: version: '3.141.59', revision: 'e82be7d358', time: '2018-11-14T08:17:03'
System info: host: 'LAPTOP-DEFT9I3H', ip: '192.168.1.4', os.name: 'Windows 10', os.arch: 'amd64', os.version: '10.0', java.version: '1.8.0_261'
Driver info: org.openqa.selenium.remote.RemoteWebDriver
Capabilities {acceptInsecureCerts: true, browserName: firefox, browserVersion: 79.0, javascriptEnabled: true, moz:accessibilityChecks: false, moz:buildID: 20200720193547, moz:geckodriverVersion: 0.27.0, moz:headless: false, moz:processID: 24380, moz:profile: C:\Users\RIL\AppData\Local\..., moz:shutdownTimeout: 60000, moz:useNonSpecCompliantPointerOrigin: false, moz:webdriverClick: true, pageLoadStrategy: normal, platform: WINDOWS, platformName: WINDOWS, platformVersion: 10.0, rotatable: false, setWindowRect: true, strictFileInteractability: false, timeouts: {implicit: 0, pageLoad: 300000, script: 30000}, unhandledPromptBehavior: dismiss and notify, webdriver.remote.sessionid: edd13404-579e-494c-9b04-73f...}
Session ID: edd13404-579e-494c-9b04-73f784d07f95]]>
            </message>
            <full-stacktrace>
              <![CDATA[org.openqa.selenium.ElementClickInterceptedException: Element <label> is not clickable at point (640,253) because another element <div class="loginModal displayBlock modalLogin dynHeight personal "> obscures it
Build info: version: '3.141.59', revision: 'e82be7d358', time: '2018-11-14T08:17:03'
System info: host: 'LAPTOP-DEFT9I3H', ip: '192.168.1.4', os.name: 'Windows 10', os.arch: 'amd64', os.version: '10.0', java.version: '1.8.0_261'
Driver info: org.openqa.selenium.remote.RemoteWebDriver
Capabilities {acceptInsecureCerts: true, browserName: firefox, browserVersion: 79.0, javascriptEnabled: true, moz:accessibilityChecks: false, moz:buildID: 20200720193547, moz:geckodriverVersion: 0.27.0, moz:headless: false, moz:processID: 24380, moz:profile: C:\Users\RIL\AppData\Local\..., moz:shutdownTimeout: 60000, moz:useNonSpecCompliantPointerOrigin: false, moz:webdriverClick: true, pageLoadStrategy: normal, platform: WINDOWS, platformName: WINDOWS, platformVersion: 10.0, rotatable: false, setWindowRect: true, strictFileInteractability: false, timeouts: {implicit: 0, pageLoad: 300000, script: 30000}, unhandledPromptBehavior: dismiss and notify, webdriver.remote.sessionid: edd13404-579e-494c-9b04-73f...}
Session ID: edd13404-579e-494c-9b04-73f784d07f95
at sun.reflect.NativeConstructorAccessorImpl.newInstance0(Native Method)
at sun.reflect.NativeConstructorAccessorImpl.newInstance(NativeConstructorAccessorImpl.java:62)
at sun.reflect.DelegatingConstructorAccessorImpl.newInstance(DelegatingConstructorAccessorImpl.java:45)
at java.lang.reflect.Constructor.newInstance(Constructor.java:423)
at org.openqa.selenium.remote.http.W3CHttpResponseCodec.createException(W3CHttpResponseCodec.java:187)
at org.openqa.selenium.remote.http.W3CHttpResponseCodec.decode(W3CHttpResponseCodec.java:122)
at org.openqa.selenium.remote.http.W3CHttpResponseCodec.decode(W3CHttpResponseCodec.java:49)
at org.openqa.selenium.remote.HttpCommandExecutor.execute(HttpCommandExecutor.java:158)
at org.openqa.selenium.remote.RemoteWebDriver.execute(RemoteWebDriver.java:552)
at org.openqa.selenium.remote.RemoteWebElement.execute(RemoteWebElement.java:285)
at org.openqa.selenium.remote.RemoteWebElement.click(RemoteWebElement.java:84)
at sun.reflect.NativeMethodAccessorImpl.invoke0(Native Method)
at sun.reflect.NativeMethodAccessorImpl.invoke(NativeMethodAccessorImpl.java:62)
at sun.reflect.DelegatingMethodAccessorImpl.invoke(DelegatingMethodAccessorImpl.java:43)
at java.lang.reflect.Method.invoke(Method.java:498)
at org.openqa.selenium.support.pagefactory.internal.LocatingElementHandler.invoke(LocatingElementHandler.java:51)
at com.sun.proxy.$Proxy19.click(Unknown Source)
at com.makemytrip.base.MakeMyTripBase.click(MakeMyTripBase.java:66)
at com.makemytrip.pages.HomePage.enterInvalidDetails(HomePage.java:150)
at com.makemytrip.tests.MakeMyTripBug.homePageDetails(MakeMyTripBug.java:91)
at sun.reflect.NativeMethodAccessorImpl.invoke0(Native Method)
at sun.reflect.NativeMethodAccessorImpl.invoke(NativeMethodAccessorImpl.java:62)
at sun.reflect.DelegatingMethodAccessorImpl.invoke(DelegatingMethodAccessorImpl.java:43)
at java.lang.reflect.Method.invoke(Method.java:498)
at org.testng.internal.MethodInvocationHelper.invokeMethod(MethodInvocationHelper.java:135)
at org.testng.internal.TestInvoker.invokeMethod(TestInvoker.java:598)
at org.testng.internal.TestInvoker.invokeTestMethod(TestInvoker.java:174)
at org.testng.internal.MethodRunner.runInSequence(MethodRunner.java:46)
at org.testng.internal.TestInvoker$MethodInvocationAgent.invoke(TestInvoker.java:821)
at org.testng.internal.TestInvoker.invokeTestMethods(TestInvoker.java:147)
at org.testng.internal.TestMethodWorker.invokeTestMethods(TestMethodWorker.java:146)
at org.testng.internal.TestMethodWorker.run(TestMethodWorker.java:128)
at java.util.ArrayList.forEach(ArrayList.java:1259)
at org.testng.TestRunner.privateRun(TestRunner.java:767)
at org.testng.TestRunner.run(TestRunner.java:588)
at org.testng.SuiteRunner.runTest(SuiteRunner.java:384)
at org.testng.SuiteRunner.runSequentially(SuiteRunner.java:378)
at org.testng.SuiteRunner.privateRun(SuiteRunner.java:337)
at org.testng.SuiteRunner.run(SuiteRunner.java:286)
at org.testng.SuiteRunnerWorker.runSuite(SuiteRunnerWorker.java:53)
at org.testng.SuiteRunnerWorker.run(SuiteRunnerWorker.java:96)
at org.testng.TestNG.runSuitesSequentially(TestNG.java:1214)
at org.testng.TestNG.runSuitesLocally(TestNG.java:1136)
at org.testng.TestNG.runSuites(TestNG.java:1066)
at org.testng.TestNG.run(TestNG.java:1034)
at org.testng.remote.AbstractRemoteTestNG.run(AbstractRemoteTestNG.java:115)
at org.testng.remote.RemoteTestNG.initAndRun(RemoteTestNG.java:251)
at org.testng.remote.RemoteTestNG.main(RemoteTestNG.java:77)
]]>
            </full-stacktrace>
          </exception> <!-- org.openqa.selenium.ElementClickInterceptedException -->
          <reporter-output>
          </reporter-output>
        </test-method> <!-- homePageDetails -->
        <test-method status="PASS" signature="getResult(org.testng.ITestResult)[pri:0, instance:com.makemytrip.tests.MakeMyTripBug@3cfdd820]" name="getResult" is-config="true" duration-ms="246" started-at="2020-08-07T12:22:15 IST" finished-at="2020-08-07T12:22:16 IST">
          <params>
            <param index="0">
              <value>
                <![CDATA[[TestResult name=homePageDetails status=FAILURE method=MakeMyTripBug.homePageDetails()[pri:1, instance:com.makemytrip.tests.MakeMyTripBug@3cfdd820] output={null}]]]>
              </value>
            </param>
          </params>
          <reporter-output>
          </reporter-output>
        </test-method> <!-- getResult -->
        <test-method status="PASS" signature="quit()[pri:0, instance:com.makemytrip.tests.MakeMyTripBug@3cfdd820]" name="quit" is-config="true" duration-ms="14588" started-at="2020-08-07T12:22:16 IST" finished-at="2020-08-07T12:22:30 IST">
          <reporter-output>
          </reporter-output>
        </test-method> <!-- quit -->
      </class> <!-- com.makemytrip.tests.MakeMyTripBug -->
    </test> <!-- Init TestMozilla -->
    <test name="Init TestChrome" duration-ms="31676" started-at="2020-08-07T12:22:30 IST" finished-at="2020-08-07T12:23:02 IST">
      <class name="com.makemytrip.tests.MakeMyTripBug">
        <test-method status="PASS" signature="setUp(java.lang.String, java.lang.String)[pri:0, instance:com.makemytrip.tests.MakeMyTripBug@6aa8e115]" name="setUp" is-config="true" duration-ms="5810" started-at="2020-08-07T12:22:30 IST" finished-at="2020-08-07T12:22:36 IST">
          <params>
            <param index="0">
              <value>
                <![CDATA[chrome]]>
              </value>
            </param>
            <param index="1">
              <value>
                <![CDATA[http://192.168.1.4:6969/wd/hub]]>
              </value>
            </param>
          </params>
          <reporter-output>
          </reporter-output>
        </test-method> <!-- setUp -->
        <test-method status="PASS" signature="getWebsite()[pri:0, instance:com.makemytrip.tests.MakeMyTripBug@6aa8e115]" name="getWebsite" duration-ms="793" started-at="2020-08-07T12:22:36 IST" finished-at="2020-08-07T12:22:37 IST">
          <reporter-output>
          </reporter-output>
        </test-method> <!-- getWebsite -->
        <test-method status="PASS" signature="getResult(org.testng.ITestResult)[pri:0, instance:com.makemytrip.tests.MakeMyTripBug@6aa8e115]" name="getResult" is-config="true" duration-ms="0" started-at="2020-08-07T12:22:37 IST" finished-at="2020-08-07T12:22:37 IST">
          <params>
            <param index="0">
              <value>
                <![CDATA[[TestResult name=getWebsite status=SUCCESS method=MakeMyTripBug.getWebsite()[pri:0, instance:com.makemytrip.tests.MakeMyTripBug@6aa8e115] output={null}]]]>
              </value>
            </param>
          </params>
          <reporter-output>
          </reporter-output>
        </test-method> <!-- getResult -->
        <test-method status="PASS" signature="homePageDetails()[pri:1, instance:com.makemytrip.tests.MakeMyTripBug@6aa8e115]" name="homePageDetails" duration-ms="24983" started-at="2020-08-07T12:22:37 IST" finished-at="2020-08-07T12:23:02 IST">
          <reporter-output>
          </reporter-output>
        </test-method> <!-- homePageDetails -->
        <test-method status="PASS" signature="getResult(org.testng.ITestResult)[pri:0, instance:com.makemytrip.tests.MakeMyTripBug@6aa8e115]" name="getResult" is-config="true" duration-ms="1" started-at="2020-08-07T12:23:02 IST" finished-at="2020-08-07T12:23:02 IST">
          <params>
            <param index="0">
              <value>
                <![CDATA[[TestResult name=homePageDetails status=SUCCESS method=MakeMyTripBug.homePageDetails()[pri:1, instance:com.makemytrip.tests.MakeMyTripBug@6aa8e115] output={null}]]]>
              </value>
            </param>
          </params>
          <reporter-output>
          </reporter-output>
        </test-method> <!-- getResult -->
        <test-method status="PASS" signature="quit()[pri:0, instance:com.makemytrip.tests.MakeMyTripBug@6aa8e115]" name="quit" is-config="true" duration-ms="78" started-at="2020-08-07T12:23:02 IST" finished-at="2020-08-07T12:23:02 IST">
          <reporter-output>
          </reporter-output>
        </test-method> <!-- quit -->
        <test-method status="PASS" signature="createReport()[pri:0, instance:com.makemytrip.tests.MakeMyTripBug@6aa8e115]" name="createReport" is-config="true" duration-ms="1343" started-at="2020-08-07T12:23:02 IST" finished-at="2020-08-07T12:23:03 IST">
          <reporter-output>
          </reporter-output>
        </test-method> <!-- createReport -->
      </class> <!-- com.makemytrip.tests.MakeMyTripBug -->
    </test> <!-- Init TestChrome -->
  </suite> <!-- MakeMyTripInit -->
</testng-results>
